<?xml version="1.0" encoding="UTF-8"?>
<!-- Generated by org.testng.reporters.JUnitReportReporter -->
<testsuite hostname="fuckoff" failures="0" tests="2" name="qaclickacademy.Mavenjava.AppiumTest" time="0.019" errors="0" timestamp="08 Feb 2021 17:05:19 GMT" skipped="0">
  <testcase classname="qaclickacademy.Mavenjava.AppiumTest" name="NativeAppandroid" time="0.019"/>
  <testcase classname="qaclickacademy.Mavenjava.AppiumTest" name="iosApp" time="0.000"/>
</testsuite> <!-- qaclickacademy.Mavenjava.AppiumTest -->
