<?xml version="1.0" encoding="UTF-8"?>
<!-- Generated by org.testng.reporters.JUnitReportReporter -->
<testsuite hostname="fuckoff" failures="0" tests="1" name="qaclickacademy.Mavenjava.AppTest" time="0.002" errors="0" timestamp="08 Feb 2021 17:05:18 GMT" skipped="0">
  <testcase classname="qaclickacademy.Mavenjava.AppTest" name="shouldAnswerWithTrue" time="0.002"/>
</testsuite> <!-- qaclickacademy.Mavenjava.AppTest -->
