<?xml version="1.0" encoding="UTF-8"?>
<!-- Generated by org.testng.reporters.JUnitReportReporter -->
<testsuite hostname="fuckoff" failures="0" tests="2" name="qaclickacademy.Mavenjava.RestAPITest" time="0.002" errors="0" timestamp="08 Feb 2021 17:05:19 GMT" skipped="0">
  <testcase classname="qaclickacademy.Mavenjava.RestAPITest" name="postJera" time="0.001"/>
  <testcase classname="qaclickacademy.Mavenjava.RestAPITest" name="deleteTwitter" time="0.001"/>
</testsuite> <!-- qaclickacademy.Mavenjava.RestAPITest -->
