<?xml version="1.0" encoding="UTF-8"?>
<!-- Generated by org.testng.reporters.JUnitReportReporter -->
<testsuite hostname="fuckoff" failures="0" tests="2" name="qaclickacademy.Mavenjava.seleniumTest" time="0.001" errors="0" timestamp="08 Feb 2021 17:05:19 GMT" skipped="0">
  <testcase classname="qaclickacademy.Mavenjava.seleniumTest" name="BrowserAutomation" time="0.000"/>
  <testcase classname="qaclickacademy.Mavenjava.seleniumTest" name="elementsUI" time="0.001"/>
</testsuite> <!-- qaclickacademy.Mavenjava.seleniumTest -->
